SF:lib/models/event.dart
DA:25,6
DA:35,13
DA:36,18
DA:37,0
DA:39,12
DA:40,0
DA:42,18
DA:43,0
DA:45,14
DA:46,0
DA:48,10
DA:49,0
DA:51,6
DA:52,4
DA:53,2
DA:54,8
DA:55,0
DA:60,4
DA:63,1
DA:64,1
DA:65,7
DA:67,2
DA:68,2
DA:69,2
DA:70,1
DA:71,2
DA:72,2
DA:73,2
DA:80,0
DA:81,0
DA:82,0
DA:83,0
DA:84,0
DA:86,0
DA:87,0
DA:88,0
DA:89,0
DA:93,2
DA:94,2
DA:95,4
DA:96,2
DA:97,4
DA:98,0
DA:100,2
DA:104,2
DA:106,2
DA:115,4
DA:116,2
DA:117,2
DA:118,4
DA:119,2
DA:120,4
DA:121,2
DA:122,4
DA:123,8
DA:124,2
DA:125,4
DA:126,2
DA:131,2
DA:133,2
DA:135,2
DA:136,2
DA:139,2
DA:140,4
DA:141,4
DA:144,2
DA:145,1
DA:148,2
DA:149,1
DA:154,1
DA:156,1
DA:158,1
DA:159,1
DA:162,1
DA:163,2
DA:164,2
DA:167,2
DA:168,4
DA:169,2
DA:170,4
DA:175,2
DA:177,2
DA:178,1
DA:180,2
DA:181,1
DA:183,2
DA:184,0
DA:186,2
DA:188,2
DA:199,4
DA:204,2
DA:206,2
DA:207,4
DA:208,4
DA:209,4
DA:210,4
DA:212,2
DA:213,2
DA:214,2
DA:215,2
DA:216,2
DA:217,2
DA:220,2
DA:226,4
DA:227,4
DA:228,4
DA:231,2
DA:232,6
DA:233,6
DA:234,8
DA:235,8
DA:236,2
DA:240,2
DA:241,2
DA:242,20
DA:243,44
DA:245,2
DA:247,2
DA:248,2
DA:249,6
DA:251,2
DA:255,2
DA:256,2
DA:257,2
DA:260,5
DA:270,5
DA:271,1
DA:272,2
DA:273,5
DA:274,5
DA:275,5
DA:276,5
DA:277,5
DA:278,5
DA:282,0
DA:284,0
DA:287,1
DA:290,1
DA:291,3
DA:292,3
DA:293,0
DA:294,0
DA:295,0
DA:296,0
DA:297,0
DA:298,0
DA:301,4
DA:303,12
DA:304,12
DA:305,9
DA:306,10
DA:307,9
DA:308,12
DA:309,12
DA:310,6
DA:314,1
DA:315,3
DA:318,2
DA:319,4
DA:321,7
DA:322,1
DA:326,1
DA:327,1
DA:328,1
DA:331,2
DA:333,2
DA:334,2
DA:335,2
DA:336,2
DA:337,2
DA:342,5
DA:347,5
DA:348,5
DA:350,10
DA:354,4
DA:355,4
DA:358,4
DA:359,4
DA:360,4
DA:361,4
DA:362,8
DA:363,3
DA:364,6
DA:365,3
DA:366,4
DA:368,8
DA:369,2
DA:370,2
DA:371,4
DA:373,2
DA:374,4
DA:376,2
DA:377,8
DA:378,4
DA:381,2
DA:382,4
DA:383,2
DA:384,2
DA:386,10
DA:388,2
DA:389,0
DA:395,2
DA:396,2
DA:401,4
DA:403,8
DA:404,4
DA:405,4
DA:407,20
DA:409,4
DA:410,0
DA:420,1
DA:421,1
DA:422,2
DA:423,2
DA:424,2
DA:426,2
DA:427,4
DA:428,4
DA:429,1
DA:430,1
DA:431,2
DA:435,15
DA:437,5
DA:444,1
DA:445,6
DA:448,10
DA:449,4
DA:454,10
DA:458,9
DA:460,7
DA:465,4
DA:467,8
DA:469,4
DA:470,28
DA:474,4
DA:476,0
DA:477,0
DA:478,0
DA:479,0
DA:481,0
DA:482,0
DA:483,0
DA:484,0
DA:488,0
DA:491,0
DA:492,0
DA:498,5
DA:499,35
DA:503,10
DA:510,5
DA:511,14
DA:515,16
DA:516,24
DA:521,1
DA:522,2
DA:523,1
DA:527,3
DA:545,2
DA:546,2
DA:569,2
DA:571,2
DA:573,0
DA:574,0
DA:575,0
DA:577,0
DA:591,1
DA:592,1
DA:593,1
DA:594,1
DA:623,1
DA:628,2
DA:633,0
DA:634,0
DA:635,0
DA:637,0
LF:275
LH:229
end_of_record
SF:lib/services/notification_service.dart
DA:9,18
DA:10,12
DA:11,6
DA:17,2
DA:18,2
DA:33,4
DA:35,0
DA:37,0
DA:40,1
DA:42,0
DA:43,0
DA:48,2
DA:50,2
DA:51,2
DA:54,2
DA:58,1
DA:59,1
DA:62,0
DA:66,1
DA:71,1
DA:72,1
DA:75,0
DA:78,0
DA:79,0
DA:80,0
DA:84,0
DA:85,0
DA:87,0
DA:88,0
DA:95,0
DA:97,0
DA:98,0
DA:99,0
DA:100,0
DA:101,0
DA:102,0
DA:108,0
DA:109,0
DA:110,0
DA:112,0
DA:113,0
DA:114,0
DA:115,0
DA:118,0
DA:121,0
DA:129,0
DA:130,0
DA:131,0
DA:132,0
DA:133,0
DA:134,0
DA:135,0
DA:139,0
DA:140,0
DA:143,0
DA:149,0
DA:150,0
DA:151,0
DA:164,0
DA:166,0
DA:172,0
DA:175,0
DA:176,0
DA:177,0
DA:179,0
DA:185,0
DA:196,0
DA:197,0
DA:200,0
DA:206,0
DA:209,0
DA:214,1
DA:215,1
DA:217,2
DA:218,1
DA:219,1
DA:220,1
DA:221,1
DA:222,0
DA:223,0
DA:225,0
DA:227,0
DA:231,2
DA:232,2
DA:233,0
DA:235,4
DA:237,2
DA:240,1
DA:244,1
DA:246,0
DA:249,3
DA:252,1
DA:262,1
DA:264,1
DA:271,4
DA:272,3
DA:274,0
DA:278,1
DA:281,5
DA:282,2
DA:285,1
DA:289,1
DA:295,1
DA:296,1
DA:297,1
DA:298,1
DA:299,1
DA:301,1
DA:302,1
DA:306,1
DA:307,0
DA:313,1
DA:315,1
DA:316,1
DA:321,1
DA:329,1
DA:330,1
DA:331,1
DA:332,1
DA:333,2
DA:337,0
DA:338,0
LF:122
LH:57
end_of_record
SF:lib/api.dart
DA:14,0
DA:15,0
DA:17,0
DA:18,0
DA:20,0
DA:26,0
DA:34,0
DA:35,0
DA:37,0
DA:38,0
DA:40,0
DA:41,0
DA:43,0
DA:48,0
DA:55,0
DA:60,0
DA:67,0
DA:68,0
DA:70,0
DA:75,0
DA:77,0
DA:78,0
DA:80,0
DA:86,0
DA:94,0
DA:95,0
DA:97,0
DA:98,0
DA:100,0
DA:101,0
DA:103,0
DA:104,0
DA:106,0
DA:107,0
DA:109,0
DA:110,0
DA:112,0
DA:113,0
DA:115,0
DA:116,0
DA:120,0
DA:132,1
DA:134,0
DA:135,0
DA:137,0
DA:140,0
DA:141,0
DA:142,0
DA:143,0
LF:49
LH:1
end_of_record
SF:lib/frb_generated.dart
DA:17,15
DA:19,5
DA:22,2
DA:28,4
DA:38,3
DA:39,6
DA:46,0
DA:48,2
DA:52,2
DA:56,2
DA:58,4
DA:61,2
DA:65,2
DA:68,2
DA:159,2
DA:166,0
DA:168,0
DA:169,0
DA:170,0
DA:171,0
DA:172,0
DA:173,0
DA:174,0
DA:175,0
DA:181,0
DA:182,0
DA:185,0
DA:186,0
DA:192,0
DA:195,0
DA:197,0
DA:198,0
DA:199,0
DA:200,0
DA:201,0
DA:202,0
DA:203,0
DA:209,0
DA:210,0
DA:211,0
DA:213,0
DA:214,0
DA:220,0
DA:223,0
DA:229,0
DA:230,0
DA:231,0
DA:232,0
DA:233,0
DA:234,0
DA:235,0
DA:236,0
DA:237,0
DA:243,0
DA:244,0
DA:245,0
DA:247,0
DA:248,0
DA:254,0
DA:259,0
DA:264,0
DA:265,0
DA:266,0
DA:267,0
DA:268,0
DA:269,0
DA:270,0
DA:271,0
DA:277,0
DA:278,0
DA:279,0
DA:281,0
DA:282,0
DA:288,0
DA:293,0
DA:301,0
DA:302,0
DA:303,0
DA:304,0
DA:305,0
DA:306,0
DA:307,0
DA:308,0
DA:309,0
DA:310,0
DA:311,0
DA:317,0
DA:318,0
DA:319,0
DA:321,0
DA:322,0
DA:328,0
DA:333,0
DA:338,0
DA:339,0
DA:340,0
DA:341,0
DA:342,0
DA:343,0
DA:344,0
DA:345,0
DA:351,0
DA:352,0
DA:353,0
DA:355,0
DA:356,0
DA:362,0
DA:367,0
DA:369,0
DA:370,0
DA:371,0
DA:372,0
DA:373,0
DA:374,0
DA:375,0
DA:381,0
DA:382,0
DA:383,0
DA:385,0
DA:386,0
DA:392,0
DA:395,0
DA:397,0
DA:398,0
DA:399,0
DA:400,0
DA:401,0
DA:402,0
DA:403,0
DA:409,0
DA:410,0
DA:411,0
DA:413,0
DA:414,0
DA:420,0
DA:423,0
DA:431,0
DA:432,0
DA:433,0
DA:434,0
DA:435,0
DA:436,0
DA:437,0
DA:438,0
DA:439,0
DA:440,0
DA:441,0
DA:447,0
DA:448,0
DA:449,0
DA:451,0
DA:452,0
DA:458,0
DA:463,0
DA:465,0
DA:466,0
DA:467,0
DA:468,0
DA:469,0
DA:470,0
DA:471,0
DA:477,0
DA:478,0
DA:479,0
DA:481,0
DA:482,0
DA:488,0
DA:493,0
DA:495,0
DA:496,0
DA:497,0
DA:498,0
DA:499,0
DA:500,0
DA:501,0
DA:507,0
DA:508,0
DA:509,0
DA:511,0
DA:512,0
DA:518,0
DA:521,0
DA:523,0
DA:524,0
DA:525,0
DA:526,0
DA:527,0
DA:528,0
DA:529,0
DA:535,0
DA:536,0
DA:537,0
DA:539,0
DA:540,0
DA:546,0
DA:549,0
DA:551,0
DA:552,0
DA:553,0
DA:554,0
DA:555,0
DA:556,0
DA:557,0
DA:563,0
DA:564,0
DA:565,0
DA:567,0
DA:568,0
DA:574,0
DA:577,0
DA:579,0
DA:580,0
DA:581,0
DA:582,0
DA:583,0
DA:584,0
DA:585,0
DA:591,0
DA:592,0
DA:593,0
DA:595,0
DA:596,0
DA:602,0
DA:608,0
DA:615,0
DA:616,0
DA:617,0
DA:618,0
DA:619,0
DA:620,0
DA:621,0
DA:622,0
DA:623,0
DA:624,0
DA:630,0
DA:631,0
DA:632,0
DA:634,0
DA:635,0
DA:641,0
DA:646,0
DA:653,0
DA:654,0
DA:655,0
DA:656,0
DA:657,0
DA:658,0
DA:659,0
DA:660,0
DA:661,0
DA:662,0
DA:668,0
DA:669,0
DA:670,0
DA:672,0
DA:673,0
DA:679,0
DA:684,0
DA:689,0
DA:690,0
DA:691,0
DA:692,0
DA:693,0
DA:694,0
DA:695,0
DA:696,0
DA:702,0
DA:703,0
DA:704,0
DA:706,0
DA:707,0
DA:713,0
DA:718,0
DA:720,0
DA:721,0
DA:722,0
DA:723,0
DA:724,0
DA:725,0
DA:726,0
DA:732,0
DA:733,0
DA:734,0
DA:736,0
DA:737,0
DA:743,0
DA:746,0
DA:748,0
DA:749,0
DA:750,0
DA:751,0
DA:752,0
DA:753,0
DA:754,0
DA:760,0
DA:761,0
DA:762,0
DA:764,0
DA:765,0
DA:771,0
DA:774,2
DA:776,4
DA:777,2
DA:778,2
DA:779,4
DA:780,2
DA:781,2
DA:787,2
DA:788,2
DA:791,2
DA:792,2
DA:798,2
DA:801,0
DA:803,0
DA:804,0
DA:805,0
DA:806,0
DA:807,0
DA:808,0
DA:809,0
DA:815,0
DA:816,0
DA:817,0
DA:819,0
DA:820,0
DA:826,0
DA:831,0
DA:837,0
DA:843,0
DA:846,0
DA:847,0
DA:848,0
DA:849,0
DA:850,0
DA:851,0
DA:852,0
DA:853,0
DA:854,0
DA:856,0
DA:860,0
DA:866,0
DA:869,0
DA:872,0
DA:878,0
DA:881,0
DA:884,0
DA:887,0
DA:890,0
DA:894,0
DA:895,0
DA:896,0
DA:897,0
DA:898,0
DA:902,0
DA:908,0
DA:914,0
DA:917,0
DA:918,0
DA:921,0
DA:924,0
DA:927,0
DA:931,0
DA:933,0
DA:934,0
DA:935,0
DA:936,0
DA:937,0
DA:938,0
DA:939,0
DA:940,0
DA:941,0
DA:942,0
DA:943,0
DA:944,0
DA:946,0
DA:950,0
DA:953,0
DA:956,0
DA:960,0
DA:961,0
DA:962,0
DA:963,0
DA:968,0
DA:971,0
DA:972,0
DA:975,0
DA:979,0
DA:980,0
DA:981,0
DA:982,0
DA:987,0
DA:991,0
DA:992,0
DA:998,0
DA:1001,0
DA:1002,0
DA:1003,0
DA:1006,0
DA:1009,0
DA:1012,2
DA:1017,0
DA:1020,0
DA:1023,0
DA:1026,0
DA:1029,0
DA:1033,0
DA:1034,0
DA:1035,0
DA:1036,0
DA:1037,0
DA:1038,0
DA:1039,0
DA:1040,0
DA:1041,0
DA:1042,0
DA:1043,0
DA:1044,0
DA:1048,0
DA:1051,0
DA:1054,0
DA:1057,0
DA:1058,0
DA:1059,0
DA:1063,0
DA:1069,0
DA:1070,0
DA:1073,0
DA:1079,0
DA:1080,0
DA:1081,0
DA:1085,0
DA:1089,0
DA:1091,0
DA:1095,0
DA:1098,0
DA:1099,0
DA:1102,0
DA:1105,0
DA:1108,0
LF:439
LH:27
end_of_record
SF:lib/frb_generated.io.dart
DA:14,2
DA:130,2
DA:131,4
DA:138,2
DA:139,2
LF:5
LH:5
end_of_record
SF:lib/models/sync_settings.dart
DA:6,3
DA:12,1
DA:17,1
DA:18,0
DA:19,0
DA:20,1
DA:24,1
DA:25,1
DA:26,1
DA:27,1
DA:28,1
DA:32,1
DA:33,1
DA:34,1
DA:35,1
DA:36,1
LF:16
LH:14
end_of_record
SF:lib/providers/event_provider.dart
DA:74,4
DA:75,2
DA:76,2
DA:77,4
DA:78,4
DA:79,6
DA:80,9
DA:83,6
DA:86,1
DA:87,1
DA:89,4
DA:96,3
DA:98,6
DA:99,3
DA:100,6
DA:106,3
DA:107,3
DA:108,3
DA:109,6
DA:110,3
DA:114,3
DA:116,6
DA:117,1
DA:118,2
DA:119,1
DA:120,0
DA:121,3
DA:126,9
DA:129,6
DA:130,6
DA:134,3
DA:135,4
DA:137,1
DA:139,2
DA:144,1
DA:145,1
DA:146,1
DA:149,0
DA:150,0
DA:172,2
DA:174,6
DA:175,2
DA:176,6
DA:179,0
DA:180,0
DA:181,0
DA:183,0
DA:187,2
DA:188,2
DA:189,2
DA:191,0
DA:193,6
DA:194,2
DA:197,0
DA:198,0
DA:199,0
DA:200,0
DA:201,0
DA:202,0
DA:205,2
DA:206,2
DA:207,2
DA:208,4
DA:209,4
DA:210,6
DA:211,0
DA:215,0
DA:216,0
DA:219,0
DA:222,0
DA:227,3
DA:228,3
DA:229,4
DA:230,2
DA:232,8
DA:263,2
DA:264,4
DA:265,4
DA:280,2
DA:281,4
DA:282,4
DA:283,4
DA:285,6
DA:286,1
DA:287,1
DA:296,1
DA:297,2
DA:298,1
DA:299,2
DA:301,1
DA:309,3
DA:316,1
DA:317,1
DA:318,1
DA:321,1
DA:333,1
DA:334,2
DA:335,1
DA:336,1
DA:337,1
DA:345,0
DA:346,0
DA:348,0
DA:349,0
DA:350,0
DA:358,1
DA:359,2
DA:360,2
DA:361,1
DA:369,1
DA:370,1
DA:371,1
DA:372,1
DA:373,2
DA:374,2
DA:375,2
DA:376,1
DA:377,1
DA:384,1
DA:385,2
DA:389,1
DA:392,2
DA:393,0
DA:394,0
DA:402,0
DA:406,0
DA:407,0
DA:410,0
DA:412,0
DA:413,0
DA:414,0
DA:415,0
DA:420,0
DA:469,1
DA:474,1
DA:479,1
DA:480,1
DA:482,2
DA:483,2
DA:484,1
DA:485,2
DA:486,1
DA:487,1
DA:490,1
DA:493,1
DA:494,0
DA:496,0
DA:497,0
DA:499,0
DA:503,0
DA:506,0
DA:509,2
DA:513,2
DA:518,0
DA:520,0
DA:521,0
DA:522,0
DA:525,0
DA:527,0
DA:531,0
DA:532,0
DA:533,0
DA:535,0
DA:539,1
DA:555,1
DA:560,1
DA:564,2
DA:565,4
DA:566,2
DA:567,0
DA:568,0
DA:571,0
DA:572,0
DA:576,1
DA:579,1
DA:580,0
DA:582,0
DA:584,0
DA:587,0
DA:590,2
DA:593,2
DA:595,0
DA:599,1
DA:612,1
DA:617,1
DA:621,1
DA:622,2
DA:623,2
DA:624,3
DA:625,2
DA:627,1
DA:628,1
DA:631,2
DA:632,1
DA:636,2
DA:637,2
DA:638,4
DA:641,1
DA:644,1
DA:645,0
DA:647,0
DA:649,0
DA:652,0
DA:655,2
DA:658,2
DA:660,1
DA:664,1
DA:669,2
DA:671,4
DA:672,2
DA:673,4
DA:678,4
DA:679,4
DA:683,2
DA:685,2
DA:686,2
DA:689,6
DA:690,2
DA:691,2
DA:694,2
DA:695,0
DA:696,0
DA:698,0
DA:701,2
DA:702,2
DA:703,2
DA:705,4
DA:707,0
DA:710,2
DA:711,2
DA:715,1
DA:717,2
DA:718,1
DA:719,2
DA:724,2
DA:725,2
DA:729,1
DA:731,2
DA:732,1
DA:733,2
DA:734,1
DA:735,1
DA:736,0
DA:749,1
DA:751,0
DA:752,0
DA:756,2
DA:757,1
DA:758,1
DA:761,2
DA:763,0
DA:768,1
DA:770,2
DA:771,1
DA:772,2
DA:777,2
DA:778,2
DA:782,1
DA:784,2
DA:785,4
DA:786,1
DA:787,2
DA:788,2
DA:790,1
DA:791,1
DA:792,0
DA:805,1
DA:807,0
DA:808,0
DA:812,2
DA:813,1
DA:814,1
DA:817,2
DA:819,0
DA:824,1
DA:826,2
DA:827,1
DA:828,2
DA:833,2
DA:834,2
DA:838,1
DA:840,2
DA:841,4
DA:842,1
DA:843,1
DA:844,0
DA:846,2
DA:847,1
DA:848,1
DA:851,2
DA:853,0
DA:858,0
DA:859,0
DA:860,0
DA:863,0
DA:864,0
DA:867,0
DA:872,0
DA:873,0
DA:874,0
DA:876,0
DA:878,0
DA:881,0
DA:882,0
DA:886,0
DA:887,0
DA:888,0
DA:889,0
DA:892,0
DA:894,0
DA:895,0
DA:896,0
DA:899,0
DA:900,0
DA:901,0
DA:904,0
DA:905,0
DA:908,0
DA:909,0
DA:910,0
DA:911,0
DA:913,0
DA:915,0
DA:918,0
DA:919,0
DA:923,0
DA:924,0
DA:925,0
DA:926,0
DA:928,0
DA:930,0
DA:933,0
DA:934,0
DA:938,0
DA:939,0
DA:940,0
DA:942,0
DA:944,0
DA:949,0
DA:950,0
DA:951,0
DA:952,0
DA:953,0
DA:954,0
DA:955,0
DA:957,0
DA:958,0
DA:959,0
DA:960,0
DA:962,0
DA:968,0
DA:969,0
DA:970,0
DA:971,0
DA:972,0
DA:973,0
DA:975,0
DA:976,0
DA:977,0
DA:978,0
DA:980,0
DA:986,1
DA:987,2
DA:989,0
DA:991,0
DA:1021,2
DA:1024,2
DA:1027,4
DA:1029,0
DA:1063,0
DA:1065,0
DA:1066,0
DA:1068,0
DA:1071,0
DA:1073,0
DA:1075,0
DA:1080,0
DA:1081,0
DA:1084,0
DA:1085,0
DA:1086,0
DA:1087,0
DA:1092,0
DA:1097,0
DA:1098,0
DA:1099,0
DA:1105,0
DA:1108,0
DA:1110,0
DA:1112,0
DA:1113,0
DA:1141,1
DA:1142,1
DA:1145,2
DA:1146,1
DA:1147,1
DA:1148,1
DA:1149,1
DA:1157,2
DA:1244,1
DA:1247,1
DA:1249,1
DA:1253,3
DA:1256,2
DA:1258,0
DA:1259,0
DA:1266,0
DA:1267,0
DA:1268,0
DA:1269,0
DA:1270,0
DA:1274,3
DA:1290,1
DA:1292,1
DA:1293,1
DA:1294,1
DA:1295,1
DA:1296,1
DA:1297,1
LF:419
LH:239
end_of_record
SF:lib/services/event_storage.dart
DA:14,1
DA:16,1
DA:22,6
DA:26,3
DA:28,2
DA:30,1
DA:31,1
DA:33,1
DA:37,2
DA:38,2
DA:41,1
DA:45,2
DA:46,6
DA:47,2
DA:48,2
DA:50,2
DA:53,3
DA:54,3
DA:55,6
DA:56,3
DA:57,3
DA:59,3
DA:60,12
DA:61,3
DA:63,9
DA:66,4
DA:68,1
DA:69,2
DA:70,1
DA:71,1
DA:72,3
DA:76,3
DA:80,3
DA:81,6
DA:83,2
DA:86,9
DA:90,0
DA:91,0
DA:92,0
DA:94,0
DA:95,0
DA:99,0
DA:102,2
DA:103,2
DA:104,4
DA:105,2
DA:108,6
DA:109,1
DA:110,1
DA:116,2
DA:117,2
DA:118,2
DA:119,4
DA:120,4
DA:124,2
DA:125,2
DA:128,2
DA:129,2
DA:131,2
DA:132,4
DA:133,2
DA:134,1
DA:138,2
DA:140,0
DA:143,2
DA:146,1
DA:147,1
DA:148,1
DA:149,2
DA:150,1
DA:151,1
DA:156,1
DA:157,1
DA:160,1
DA:161,1
DA:162,1
LF:76
LH:69
end_of_record
SF:lib/services/sync_service.dart
DA:10,0
DA:23,13
DA:25,1
DA:26,1
DA:27,3
DA:28,1
DA:29,1
DA:32,2
DA:33,4
DA:36,1
DA:37,2
DA:40,1
DA:41,2
DA:44,1
DA:45,2
DA:48,1
DA:49,2
DA:52,0
DA:57,0
DA:60,1
DA:66,2
DA:68,2
DA:71,2
DA:73,2
DA:76,2
DA:78,2
DA:82,1
DA:84,1
DA:87,1
DA:91,0
DA:94,0
DA:100,1
DA:106,1
DA:107,1
DA:109,3
DA:110,1
DA:111,0
DA:114,1
DA:116,1
DA:117,1
DA:121,2
DA:122,1
DA:123,0
DA:124,0
DA:126,1
DA:129,0
DA:133,2
DA:135,2
DA:139,2
DA:140,2
DA:148,2
DA:151,0
DA:154,0
DA:156,0
DA:161,0
DA:162,0
DA:166,1
DA:167,1
DA:168,1
DA:170,1
DA:174,1
DA:176,1
DA:177,1
DA:178,1
DA:179,2
DA:185,1
DA:186,0
DA:187,0
DA:191,2
DA:193,0
DA:194,0
DA:195,0
DA:199,0
DA:203,1
DA:204,1
DA:205,1
DA:207,1
DA:211,1
DA:212,1
DA:213,1
DA:214,1
DA:216,2
DA:217,1
DA:218,0
DA:221,1
DA:222,2
DA:223,2
DA:224,1
DA:225,2
DA:231,1
DA:233,0
DA:234,0
DA:238,1
DA:239,1
DA:241,2
DA:242,1
DA:248,0
DA:251,0
DA:252,0
DA:256,1
DA:257,1
DA:261,1
DA:262,1
DA:264,1
DA:265,2
DA:266,1
DA:268,0
DA:269,0
DA:273,1
DA:274,1
DA:276,1
DA:277,2
DA:278,1
DA:280,0
DA:281,0
LF:115
LH:85
end_of_record
SF:lib/services/certificate_service.dart
DA:11,2
DA:12,2
DA:13,1
DA:16,4
DA:18,2
DA:21,2
DA:22,1
DA:23,1
DA:24,4
DA:26,1
DA:27,2
DA:29,1
DA:30,1
DA:31,3
DA:33,2
DA:34,1
DA:36,1
DA:37,1
DA:38,2
DA:40,2
DA:41,1
DA:46,1
DA:47,1
LF:23
LH:23
end_of_record
SF:lib/providers/theme_provider.dart
DA:8,4
DA:10,2
DA:11,4
DA:12,4
DA:15,4
DA:18,2
DA:19,2
DA:22,2
DA:23,2
DA:25,2
DA:26,4
DA:27,2
DA:30,2
DA:31,2
DA:32,2
DA:33,4
DA:34,2
DA:37,2
DA:38,4
DA:41,4
DA:43,1
DA:46,2
DA:47,4
LF:23
LH:23
end_of_record
SF:lib/main.dart
DA:21,0
DA:23,0
DA:25,0
DA:26,0
DA:27,0
DA:28,0
DA:30,0
DA:35,0
DA:36,0
DA:37,0
DA:38,0
DA:39,0
DA:40,0
DA:42,0
DA:43,0
DA:44,0
DA:45,0
DA:46,0
DA:54,1
DA:57,1
DA:59,1
DA:60,1
DA:61,1
DA:63,1
DA:64,1
DA:65,1
DA:74,1
DA:78,1
DA:79,1
DA:83,1
DA:85,1
DA:86,2
DA:87,1
DA:88,3
DA:90,1
DA:91,1
DA:93,0
DA:94,0
DA:99,1
DA:101,2
DA:102,1
DA:105,0
DA:107,0
DA:108,0
DA:112,1
DA:114,1
DA:116,1
DA:117,2
DA:118,0
DA:120,0
DA:121,0
DA:123,0
DA:127,0
DA:128,0
DA:139,0
DA:141,0
DA:142,0
DA:143,0
DA:145,0
DA:146,0
DA:147,0
DA:148,0
DA:151,0
DA:153,0
DA:154,0
DA:155,0
DA:156,0
DA:165,1
DA:167,1
DA:168,1
DA:169,3
DA:173,1
DA:175,1
DA:176,0
DA:177,0
DA:178,0
DA:180,0
DA:182,0
DA:183,0
LF:79
LH:31
end_of_record
SF:lib/calendar_widget.dart
DA:9,1
DA:11,1
DA:12,1
DA:19,1
DA:21,1
DA:24,1
DA:26,1
DA:27,1
DA:28,1
DA:31,1
DA:32,1
DA:34,1
DA:36,1
DA:37,1
DA:38,3
DA:39,1
DA:40,1
DA:41,1
DA:44,1
DA:45,2
DA:47,1
DA:48,2
DA:49,4
DA:52,0
DA:53,0
DA:56,1
DA:58,0
DA:59,0
DA:60,0
DA:61,0
DA:63,0
DA:65,0
DA:66,0
DA:67,0
DA:70,1
DA:73,1
DA:74,3
DA:77,1
DA:78,1
DA:80,3
DA:83,1
DA:84,3
DA:87,1
DA:88,3
DA:91,1
DA:92,3
DA:95,1
DA:96,3
DA:98,1
DA:99,1
DA:101,3
DA:103,1
DA:104,1
DA:106,3
DA:109,1
DA:112,1
DA:113,3
DA:117,1
DA:119,3
DA:121,1
DA:123,3
DA:127,1
DA:129,0
DA:130,0
DA:131,0
LF:65
LH:52
end_of_record
SF:lib/widgets/event_list.dart
DA:10,0
DA:12,0
DA:14,0
DA:15,0
DA:16,0
DA:18,0
DA:25,0
DA:28,0
DA:29,0
DA:30,0
DA:31,0
DA:32,0
DA:33,0
DA:38,0
DA:39,0
DA:40,0
DA:41,0
DA:42,0
DA:43,0
DA:44,0
DA:46,0
DA:48,0
DA:49,0
DA:51,0
DA:61,0
DA:62,0
DA:63,0
DA:66,0
DA:70,0
DA:71,0
DA:73,0
DA:74,0
DA:81,0
DA:86,0
DA:88,0
DA:90,0
DA:91,0
DA:92,0
DA:93,0
DA:96,0
DA:97,0
DA:98,0
DA:99,0
DA:108,0
DA:113,0
DA:115,0
DA:116,0
DA:117,0
DA:120,0
DA:121,0
DA:122,0
DA:125,0
DA:127,0
DA:128,0
DA:131,0
DA:132,0
DA:135,0
DA:136,0
DA:137,0
DA:140,0
DA:141,0
DA:142,0
DA:143,0
DA:145,0
DA:147,0
DA:148,0
LF:66
LH:0
end_of_record
SF:lib/services/background_sync_service.dart
DA:4,0
DA:6,0
DA:7,0
DA:8,0
LF:4
LH:0
end_of_record
SF:lib/themes/light_theme.dart
DA:3,1
DA:4,1
DA:7,1
DA:17,1
DA:18,1
DA:20,2
LF:6
LH:6
end_of_record
SF:lib/themes/dark_theme.dart
DA:3,1
DA:4,1
DA:7,1
DA:11,1
DA:12,1
DA:17,1
DA:18,1
DA:20,2
DA:32,1
LF:9
LH:9
end_of_record
SF:lib/widgets/theme_toggle_button.dart
DA:6,1
DA:8,1
DA:10,1
DA:11,1
DA:12,1
DA:13,1
DA:14,2
DA:16,1
DA:20,2
LF:9
LH:9
end_of_record
SF:lib/widgets/sync_button.dart
DA:10,1
DA:12,1
DA:14,1
DA:17,2
DA:18,2
DA:32,1
DA:34,1
DA:35,0
DA:37,1
DA:38,0
DA:40,1
DA:41,0
DA:43,1
DA:44,0
DA:46,1
DA:47,0
DA:49,1
DA:50,1
DA:55,0
DA:56,0
DA:57,0
DA:58,0
DA:59,0
DA:62,0
DA:73,0
DA:74,0
DA:75,0
DA:77,0
DA:78,0
DA:79,0
DA:84,0
DA:85,0
DA:86,0
DA:91,0
DA:92,0
DA:99,0
DA:100,0
DA:101,0
DA:102,0
DA:103,0
DA:106,0
DA:117,0
DA:118,0
DA:119,0
DA:120,0
DA:122,0
DA:123,0
DA:124,0
DA:129,0
DA:130,0
DA:131,0
DA:136,0
DA:137,0
DA:144,0
DA:145,0
DA:146,0
DA:149,0
DA:160,0
DA:161,0
DA:162,0
DA:163,0
DA:164,0
DA:165,0
DA:166,0
DA:171,0
DA:172,0
DA:173,0
DA:174,0
DA:177,0
DA:178,0
DA:179,0
DA:180,0
DA:181,0
DA:187,0
DA:188,0
DA:189,0
DA:192,0
DA:203,0
DA:204,0
DA:205,0
DA:206,0
DA:208,0
DA:211,0
DA:212,0
DA:213,0
DA:214,0
DA:215,0
DA:221,0
DA:222,0
DA:223,0
DA:226,0
DA:237,0
DA:238,0
DA:239,0
DA:240,0
DA:242,0
DA:245,0
DA:246,0
DA:247,0
DA:252,0
DA:253,0
DA:259,1
DA:260,1
DA:262,1
DA:266,0
DA:269,0
DA:270,0
DA:273,0
DA:275,0
DA:276,0
DA:278,0
DA:279,0
DA:281,0
DA:282,0
DA:284,0
DA:289,0
DA:291,0
DA:300,0
DA:301,0
DA:302,0
DA:305,0
DA:306,0
DA:307,0
DA:308,0
DA:310,0
DA:311,0
DA:312,0
DA:314,0
DA:315,0
DA:316,0
DA:319,0
DA:325,0
DA:328,0
DA:329,0
DA:330,0
DA:331,0
DA:334,0
DA:342,0
DA:344,0
DA:346,0
DA:347,0
DA:350,0
DA:364,0
DA:365,0
DA:366,0
DA:367,0
DA:371,0
DA:373,0
DA:374,0
DA:376,0
DA:377,0
DA:379,0
DA:380,0
DA:382,0
DA:388,0
DA:389,0
DA:390,0
DA:394,0
DA:396,0
DA:401,0
DA:403,0
DA:412,0
DA:413,0
DA:414,0
DA:417,0
DA:418,0
DA:419,0
DA:420,0
DA:421,0
DA:422,0
DA:424,0
DA:425,0
DA:426,0
DA:427,0
DA:428,0
DA:435,0
DA:436,0
DA:437,0
DA:440,0
DA:446,0
DA:449,0
DA:450,0
DA:451,0
DA:452,0
DA:455,0
DA:463,0
DA:469,0
DA:470,0
DA:472,0
DA:475,0
DA:490,0
DA:491,0
DA:492,0
DA:498,0
DA:499,0
DA:500,0
DA:501,0
DA:503,0
LF:198
LH:16
end_of_record
SF:lib/widgets/event_form_dialog.dart
DA:10,0
DA:17,0
DA:18,0
DA:32,0
DA:34,0
DA:35,0
DA:36,0
DA:37,0
DA:38,0
DA:40,0
DA:41,0
DA:42,0
DA:43,0
DA:44,0
DA:45,0
DA:46,0
DA:48,0
DA:49,0
DA:53,0
DA:55,0
DA:56,0
DA:57,0
DA:60,0
DA:61,0
DA:62,0
DA:63,0
DA:64,0
DA:65,0
DA:70,0
DA:72,0
DA:73,0
DA:74,0
DA:75,0
DA:77,0
DA:78,0
DA:81,0
DA:83,0
DA:84,0
DA:85,0
DA:88,0
DA:94,0
DA:96,0
DA:97,0
DA:98,0
DA:99,0
DA:101,0
DA:102,0
DA:103,0
DA:104,0
DA:105,0
DA:107,0
DA:108,0
DA:111,0
DA:112,0
DA:114,0
DA:116,0
DA:122,0
DA:123,0
DA:124,0
DA:125,0
DA:126,0
DA:129,0
DA:130,0
DA:131,0
DA:137,0
DA:138,0
DA:139,0
DA:140,0
DA:146,0
DA:147,0
DA:148,0
DA:149,0
DA:151,0
DA:157,0
DA:158,0
DA:159,0
DA:161,0
DA:162,0
DA:164,0
DA:165,0
DA:166,0
DA:167,0
DA:168,0
DA:176,0
DA:180,0
DA:181,0
DA:183,0
DA:184,0
DA:185,0
DA:186,0
DA:187,0
DA:188,0
DA:189,0
DA:190,0
DA:192,0
DA:193,0
DA:196,0
DA:198,0
DA:199,0
DA:200,0
DA:201,0
DA:203,0
DA:204,0
DA:205,0
DA:206,0
DA:208,0
DA:211,0
DA:212,0
DA:213,0
DA:215,0
DA:216,0
DA:217,0
DA:218,0
DA:223,0
DA:224,0
DA:226,0
DA:227,0
DA:228,0
DA:229,0
DA:230,0
DA:231,0
DA:234,0
DA:236,0
DA:240,0
DA:242,0
DA:243,0
DA:245,0
DA:246,0
DA:247,0
DA:249,0
DA:250,0
DA:251,0
DA:255,0
DA:256,0
DA:258,0
DA:259,0
DA:260,0
DA:262,0
DA:264,0
DA:269,0
DA:270,0
DA:272,0
DA:278,0
DA:279,0
DA:280,0
DA:282,0
DA:284,0
DA:291,0
DA:292,0
DA:293,0
DA:296,0
LF:151
LH:0
end_of_record
SF:lib/utils/error_logger.dart
DA:6,0
DA:14,0
DA:15,0
DA:16,0
DA:18,0
DA:21,0
LF:6
LH:0
end_of_record
SF:lib/widgets/conflict_resolution_dialog.dart
DA:8,1
DA:10,0
DA:12,0
DA:17,0
DA:18,0
DA:19,0
DA:22,0
DA:23,0
DA:26,0
DA:27,0
DA:34,0
DA:35,0
DA:38,0
DA:41,0
DA:43,0
DA:44,0
DA:46,0
DA:47,0
DA:48,0
DA:49,0
DA:50,0
DA:56,0
DA:57,0
DA:62,0
DA:63,0
DA:67,0
DA:68,0
DA:70,0
DA:71,0
DA:72,0
DA:78,0
DA:79,0
DA:84,0
DA:85,0
LF:34
LH:1
end_of_record
SF:lib/widgets/sync_settings_dialog.dart
DA:7,1
DA:9,1
DA:10,1
DA:18,1
DA:20,1
DA:21,3
DA:22,2
DA:23,2
DA:24,3
DA:27,1
DA:29,1
DA:31,1
DA:33,1
DA:34,1
DA:37,1
DA:38,0
DA:40,1
DA:43,1
DA:44,0
DA:46,1
DA:48,1
DA:49,1
DA:53,3
DA:54,0
DA:55,0
DA:60,1
DA:61,1
DA:62,0
DA:65,1
DA:66,0
DA:67,0
DA:68,0
DA:69,0
DA:70,0
DA:72,0
DA:73,0
DA:74,0
LF:37
LH:24
end_of_record
